# JRE version: OpenJDK Runtime Environment (8.0_76-b03) (build 1.8.0_76-release-b03)
# Java VM: OpenJDK 64-Bit Server VM (25.76-b03 mixed mode linux-amd64 compressed oops)
Heap:
 PSYoungGen      total 225792K, used 31442K [0x00000000eab00000, 0x0000000100000000, 0x0000000100000000)
  eden space 116736K, 0% used [0x00000000eab00000,0x00000000eab00000,0x00000000f1d00000)
  from space 109056K, 28% used [0x00000000f9580000,0x00000000fb434938,0x0000000100000000)
  to   space 116224K, 0% used [0x00000000f1d00000,0x00000000f1d00000,0x00000000f8e80000)
 ParOldGen       total 291840K, used 291503K [0x00000000c0000000, 0x00000000d1d00000, 0x00000000eab00000)
  object space 291840K, 99% used [0x00000000c0000000,0x00000000d1cabe10,0x00000000d1d00000)
 Metaspace       used 6417K, capacity 7280K, committed 7552K, reserved 1056768K
  class space    used 587K, capacity 616K, committed 640K, reserved 1048576K
GC Heap History (10 events):
Event: 143.335 GC heap after
Heap after GC invocations=14 (full 2):
 PSYoungGen      total 248832K, used 46216K [0x00000000eab00000, 0x00000000ffa00000, 0x0000000100000000)
  eden space 163840K, 0% used [0x00000000eab00000,0x00000000eab00000,0x00000000f4b00000)
  from space 84992K, 54% used [0x00000000fa700000,0x00000000fd4220b8,0x00000000ffa00000)
  to   space 89600K, 0% used [0x00000000f4b00000,0x00000000f4b00000,0x00000000fa280000)
 ParOldGen       total 291840K, used 197267K [0x00000000c0000000, 0x00000000d1d00000, 0x00000000eab00000)
  object space 291840K, 67% used [0x00000000c0000000,0x00000000cc0a4eb0,0x00000000d1d00000)
 Metaspace       used 6411K, capacity 7280K, committed 7552K, reserved 1056768K
  class space    used 587K, capacity 616K, committed 640K, reserved 1048576K
}
Event: 144.277 GC heap before
{Heap before GC invocations=15 (full 2):
 PSYoungGen      total 248832K, used 210056K [0x00000000eab00000, 0x00000000ffa00000, 0x0000000100000000)
  eden space 163840K, 100% used [0x00000000eab00000,0x00000000f4b00000,0x00000000f4b00000)
  from space 84992K, 54% used [0x00000000fa700000,0x00000000fd4220b8,0x00000000ffa00000)
  to   space 89600K, 0% used [0x00000000f4b00000,0x00000000f4b00000,0x00000000fa280000)
 ParOldGen       total 291840K, used 197267K [0x00000000c0000000, 0x00000000d1d00000, 0x00000000eab00000)
  object space 291840K, 67% used [0x00000000c0000000,0x00000000cc0a4eb0,0x00000000d1d00000)
 Metaspace       used 6411K, capacity 7280K, committed 7552K, reserved 1056768K
  class space    used 587K, capacity 616K, committed 640K, reserved 1048576K
Event: 144.376 GC heap after
Heap after GC invocations=15 (full 2):
 PSYoungGen      total 253440K, used 68208K [0x00000000eab00000, 0x0000000100000000, 0x0000000100000000)
  eden space 163840K, 0% used [0x00000000eab00000,0x00000000eab00000,0x00000000f4b00000)
  from space 89600K, 76% used [0x00000000f4b00000,0x00000000f8d9c070,0x00000000fa280000)
  to   space 95744K, 0% used [0x00000000fa280000,0x00000000fa280000,0x0000000100000000)
 ParOldGen       total 291840K, used 197267K [0x00000000c0000000, 0x00000000d1d00000, 0x00000000eab00000)
  object space 291840K, 67% used [0x00000000c0000000,0x00000000cc0a4eb0,0x00000000d1d00000)
 Metaspace       used 6411K, capacity 7280K, committed 7552K, reserved 1056768K
  class space    used 587K, capacity 616K, committed 640K, reserved 1048576K
}
Event: 145.903 GC heap before
{Heap before GC invocations=16 (full 2):
 PSYoungGen      total 253440K, used 232048K [0x00000000eab00000, 0x0000000100000000, 0x0000000100000000)
  eden space 163840K, 100% used [0x00000000eab00000,0x00000000f4b00000,0x00000000f4b00000)
  from space 89600K, 76% used [0x00000000f4b00000,0x00000000f8d9c070,0x00000000fa280000)
  to   space 95744K, 0% used [0x00000000fa280000,0x00000000fa280000,0x0000000100000000)
 ParOldGen       total 291840K, used 197267K [0x00000000c0000000, 0x00000000d1d00000, 0x00000000eab00000)
  object space 291840K, 67% used [0x00000000c0000000,0x00000000cc0a4eb0,0x00000000d1d00000)
 Metaspace       used 6412K, capacity 7280K, committed 7552K, reserved 1056768K
  class space    used 587K, capacity 616K, committed 640K, reserved 1048576K
Event: 146.168 GC heap after
Heap after GC invocations=16 (full 2):
 PSYoungGen      total 226816K, used 91472K [0x00000000eab00000, 0x0000000100000000, 0x0000000100000000)
  eden space 131072K, 0% used [0x00000000eab00000,0x00000000eab00000,0x00000000f2b00000)
  from space 95744K, 95% used [0x00000000fa280000,0x00000000ffbd4240,0x0000000100000000)
  to   space 109056K, 0% used [0x00000000f2b00000,0x00000000f2b00000,0x00000000f9580000)
 ParOldGen       total 291840K, used 197275K [0x00000000c0000000, 0x00000000d1d00000, 0x00000000eab00000)
  object space 291840K, 67% used [0x00000000c0000000,0x00000000cc0a6eb0,0x00000000d1d00000)
 Metaspace       used 6412K, capacity 7280K, committed 7552K, reserved 1056768K
  class space    used 587K, capacity 616K, committed 640K, reserved 1048576K
}
Event: 146.859 GC heap before
{Heap before GC invocations=17 (full 2):
 PSYoungGen      total 226816K, used 222544K [0x00000000eab00000, 0x0000000100000000, 0x0000000100000000)
  eden space 131072K, 100% used [0x00000000eab00000,0x00000000f2b00000,0x00000000f2b00000)
  from space 95744K, 95% used [0x00000000fa280000,0x00000000ffbd4240,0x0000000100000000)
  to   space 109056K, 0% used [0x00000000f2b00000,0x00000000f2b00000,0x00000000f9580000)
 ParOldGen       total 291840K, used 197275K [0x00000000c0000000, 0x00000000d1d00000, 0x00000000eab00000)
  object space 291840K, 67% used [0x00000000c0000000,0x00000000cc0a6eb0,0x00000000d1d00000)
 Metaspace       used 6414K, capacity 7280K, committed 7552K, reserved 1056768K
  class space    used 587K, capacity 616K, committed 640K, reserved 1048576K
Event: 147.049 GC heap after
Heap after GC invocations=17 (full 2):
 PSYoungGen      total 240128K, used 109026K [0x00000000eab00000, 0x0000000100000000, 0x0000000100000000)
  eden space 131072K, 0% used [0x00000000eab00000,0x00000000eab00000,0x00000000f2b00000)
  from space 109056K, 99% used [0x00000000f2b00000,0x00000000f9578a28,0x00000000f9580000)
  to   space 109056K, 0% used [0x00000000f9580000,0x00000000f9580000,0x0000000100000000)
 ParOldGen       total 291840K, used 198377K [0x00000000c0000000, 0x00000000d1d00000, 0x00000000eab00000)
  object space 291840K, 67% used [0x00000000c0000000,0x00000000cc1ba568,0x00000000d1d00000)
 Metaspace       used 6414K, capacity 7280K, committed 7552K, reserved 1056768K
  class space    used 587K, capacity 616K, committed 640K, reserved 1048576K
}
Event: 147.665 GC heap before
{Heap before GC invocations=18 (full 2):
 PSYoungGen      total 240128K, used 240098K [0x00000000eab00000, 0x0000000100000000, 0x0000000100000000)
  eden space 131072K, 100% used [0x00000000eab00000,0x00000000f2b00000,0x00000000f2b00000)
  from space 109056K, 99% used [0x00000000f2b00000,0x00000000f9578a28,0x00000000f9580000)
  to   space 109056K, 0% used [0x00000000f9580000,0x00000000f9580000,0x0000000100000000)
 ParOldGen       total 291840K, used 198377K [0x00000000c0000000, 0x00000000d1d00000, 0x00000000eab00000)
  object space 291840K, 67% used [0x00000000c0000000,0x00000000cc1ba568,0x00000000d1d00000)
 Metaspace       used 6417K, capacity 7280K, committed 7552K, reserved 1056768K
  class space    used 587K, capacity 616K, committed 640K, reserved 1048576K
Event: 147.878 GC heap after
Heap after GC invocations=18 (full 2):
 PSYoungGen      total 225792K, used 85375K [0x00000000eab00000, 0x0000000100000000, 0x0000000100000000)
  eden space 116736K, 0% used [0x00000000eab00000,0x00000000eab00000,0x00000000f1d00000)
  from space 109056K, 78% used [0x00000000f9580000,0x00000000fe8dfc98,0x0000000100000000)
  to   space 116224K, 0% used [0x00000000f1d00000,0x00000000f1d00000,0x00000000f8e80000)
 ParOldGen       total 291840K, used 243289K [0x00000000c0000000, 0x00000000d1d00000, 0x00000000eab00000)
  object space 291840K, 83% used [0x00000000c0000000,0x00000000ced965d8,0x00000000d1d00000)
 Metaspace       used 6417K, capacity 7280K, committed 7552K, reserved 1056768K
  class space    used 587K, capacity 616K, committed 640K, reserved 1048576K
}
Event: 147.878 GC heap before
{Heap before GC invocations=19 (full 3):
 PSYoungGen      total 225792K, used 85375K [0x00000000eab00000, 0x0000000100000000, 0x0000000100000000)
  eden space 116736K, 0% used [0x00000000eab00000,0x00000000eab00000,0x00000000f1d00000)
  from space 109056K, 78% used [0x00000000f9580000,0x00000000fe8dfc98,0x0000000100000000)
  to   space 116224K, 0% used [0x00000000f1d00000,0x00000000f1d00000,0x00000000f8e80000)
 ParOldGen       total 291840K, used 243289K [0x00000000c0000000, 0x00000000d1d00000, 0x00000000eab00000)
  object space 291840K, 83% used [0x00000000c0000000,0x00000000ced965d8,0x00000000d1d00000)
 Metaspace       used 6417K, capacity 7280K, committed 7552K, reserved 1056768K
  class space    used 587K, capacity 616K, committed 640K, reserved 1048576K

