# JRE version: OpenJDK Runtime Environment (7.0_95) (build 1.7.0_95-b00)
# Java VM: OpenJDK 64-Bit Server VM (24.95-b01 mixed mode linux-amd64 compressed oops)
Heap
 PSYoungGen      total 236032K, used 42272K [0x00000000eaa80000, 0x0000000100000000, 0x0000000100000000)
  eden space 171520K, 0% used [0x00000000eaa80000,0x00000000eaa80000,0x00000000f5200000)
  from space 64512K, 65% used [0x00000000fc100000,0x00000000fea48388,0x0000000100000000)
  to   space 89088K, 0% used [0x00000000f5200000,0x00000000f5200000,0x00000000fa900000)
 ParOldGen       total 163840K, used 163507K [0x00000000c0000000, 0x00000000ca000000, 0x00000000eaa80000)
  object space 163840K, 99% used [0x00000000c0000000,0x00000000c9facf98,0x00000000ca000000)
 PSPermGen       total 21504K, used 6370K [0x00000000b5a00000, 0x00000000b6f00000, 0x00000000c0000000)
  object space 21504K, 29% used [0x00000000b5a00000,0x00000000b6038a78,0x00000000b6f00000)
GC Heap History (10 events):
Event: 7.830 GC heap after
Heap after GC invocations=7 (full 0):
 PSYoungGen      total 279552K, used 30194K [0x00000000eaa80000, 0x0000000100000000, 0x0000000100000000)
  eden space 249344K, 0% used [0x00000000eaa80000,0x00000000eaa80000,0x00000000f9e00000)
  from space 30208K, 99% used [0x00000000f9e00000,0x00000000fbb7cbe0,0x00000000fbb80000)
  to   space 52736K, 0% used [0x00000000fcc80000,0x00000000fcc80000,0x0000000100000000)
 ParOldGen       total 83968K, used 80003K [0x00000000c0000000, 0x00000000c5200000, 0x00000000eaa80000)
  object space 83968K, 95% used [0x00000000c0000000,0x00000000c4e20c38,0x00000000c5200000)
 PSPermGen       total 21504K, used 6321K [0x00000000b5a00000, 0x00000000b6f00000, 0x00000000c0000000)
  object space 21504K, 29% used [0x00000000b5a00000,0x00000000b602c4a8,0x00000000b6f00000)
}
Event: 7.832 GC heap before
{Heap before GC invocations=8 (full 1):
 PSYoungGen      total 279552K, used 30194K [0x00000000eaa80000, 0x0000000100000000, 0x0000000100000000)
  eden space 249344K, 0% used [0x00000000eaa80000,0x00000000eaa80000,0x00000000f9e00000)
  from space 30208K, 99% used [0x00000000f9e00000,0x00000000fbb7cbe0,0x00000000fbb80000)
  to   space 52736K, 0% used [0x00000000fcc80000,0x00000000fcc80000,0x0000000100000000)
 ParOldGen       total 83968K, used 80003K [0x00000000c0000000, 0x00000000c5200000, 0x00000000eaa80000)
  object space 83968K, 95% used [0x00000000c0000000,0x00000000c4e20c38,0x00000000c5200000)
 PSPermGen       total 21504K, used 6321K [0x00000000b5a00000, 0x00000000b6f00000, 0x00000000c0000000)
  object space 21504K, 29% used [0x00000000b5a00000,0x00000000b602c4a8,0x00000000b6f00000)
Event: 8.543 GC heap after
Heap after GC invocations=8 (full 1):
 PSYoungGen      total 279552K, used 18854K [0x00000000eaa80000, 0x0000000100000000, 0x0000000100000000)
  eden space 249344K, 0% used [0x00000000eaa80000,0x00000000eaa80000,0x00000000f9e00000)
  from space 30208K, 62% used [0x00000000f9e00000,0x00000000fb069908,0x00000000fbb80000)
  to   space 52736K, 0% used [0x00000000fcc80000,0x00000000fcc80000,0x0000000100000000)
 ParOldGen       total 163840K, used 83544K [0x00000000c0000000, 0x00000000ca000000, 0x00000000eaa80000)
  object space 163840K, 50% used [0x00000000c0000000,0x00000000c51962a0,0x00000000ca000000)
 PSPermGen       total 21504K, used 6316K [0x00000000b5a00000, 0x00000000b6f00000, 0x00000000c0000000)
  object space 21504K, 29% used [0x00000000b5a00000,0x00000000b602b118,0x00000000b6f00000)
}
Event: 10.144 GC heap before
{Heap before GC invocations=9 (full 1):
 PSYoungGen      total 279552K, used 268198K [0x00000000eaa80000, 0x0000000100000000, 0x0000000100000000)
  eden space 249344K, 100% used [0x00000000eaa80000,0x00000000f9e00000,0x00000000f9e00000)
  from space 30208K, 62% used [0x00000000f9e00000,0x00000000fb069908,0x00000000fbb80000)
  to   space 52736K, 0% used [0x00000000fcc80000,0x00000000fcc80000,0x0000000100000000)
 ParOldGen       total 163840K, used 83544K [0x00000000c0000000, 0x00000000ca000000, 0x00000000eaa80000)
  object space 163840K, 50% used [0x00000000c0000000,0x00000000c51962a0,0x00000000ca000000)
 PSPermGen       total 21504K, used 6335K [0x00000000b5a00000, 0x00000000b6f00000, 0x00000000c0000000)
  object space 21504K, 29% used [0x00000000b5a00000,0x00000000b602fea0,0x00000000b6f00000)
Event: 10.323 GC heap after
Heap after GC invocations=9 (full 1):
 PSYoungGen      total 273408K, used 52707K [0x00000000eaa80000, 0x0000000100000000, 0x0000000100000000)
  eden space 220672K, 0% used [0x00000000eaa80000,0x00000000eaa80000,0x00000000f8200000)
  from space 52736K, 99% used [0x00000000fcc80000,0x00000000ffff8e78,0x0000000100000000)
  to   space 64512K, 0% used [0x00000000f8200000,0x00000000f8200000,0x00000000fc100000)
 ParOldGen       total 163840K, used 89772K [0x00000000c0000000, 0x00000000ca000000, 0x00000000eaa80000)
  object space 163840K, 54% used [0x00000000c0000000,0x00000000c57ab1b0,0x00000000ca000000)
 PSPermGen       total 21504K, used 6335K [0x00000000b5a00000, 0x00000000b6f00000, 0x00000000c0000000)
  object space 21504K, 29% used [0x00000000b5a00000,0x00000000b602fea0,0x00000000b6f00000)
}
Event: 11.399 GC heap before
{Heap before GC invocations=10 (full 1):
 PSYoungGen      total 273408K, used 273379K [0x00000000eaa80000, 0x0000000100000000, 0x0000000100000000)
  eden space 220672K, 100% used [0x00000000eaa80000,0x00000000f8200000,0x00000000f8200000)
  from space 52736K, 99% used [0x00000000fcc80000,0x00000000ffff8e78,0x0000000100000000)
  to   space 64512K, 0% used [0x00000000f8200000,0x00000000f8200000,0x00000000fc100000)
 ParOldGen       total 163840K, used 89772K [0x00000000c0000000, 0x00000000ca000000, 0x00000000eaa80000)
  object space 163840K, 54% used [0x00000000c0000000,0x00000000c57ab1b0,0x00000000ca000000)
 PSPermGen       total 21504K, used 6347K [0x00000000b5a00000, 0x00000000b6f00000, 0x00000000c0000000)
  object space 21504K, 29% used [0x00000000b5a00000,0x00000000b6032c48,0x00000000b6f00000)
Event: 11.655 GC heap after
Heap after GC invocations=10 (full 1):
 PSYoungGen      total 285184K, used 64485K [0x00000000eaa80000, 0x0000000100000000, 0x0000000100000000)
  eden space 220672K, 0% used [0x00000000eaa80000,0x00000000eaa80000,0x00000000f8200000)
  from space 64512K, 99% used [0x00000000f8200000,0x00000000fc0f97e8,0x00000000fc100000)
  to   space 64512K, 0% used [0x00000000fc100000,0x00000000fc100000,0x0000000100000000)
 ParOldGen       total 163840K, used 111327K [0x00000000c0000000, 0x00000000ca000000, 0x00000000eaa80000)
  object space 163840K, 67% used [0x00000000c0000000,0x00000000c6cb7fa0,0x00000000ca000000)
 PSPermGen       total 21504K, used 6347K [0x00000000b5a00000, 0x00000000b6f00000, 0x00000000c0000000)
  object space 21504K, 29% used [0x00000000b5a00000,0x00000000b6032c48,0x00000000b6f00000)
}
Event: 12.917 GC heap before
{Heap before GC invocations=11 (full 1):
 PSYoungGen      total 285184K, used 285157K [0x00000000eaa80000, 0x0000000100000000, 0x0000000100000000)
  eden space 220672K, 100% used [0x00000000eaa80000,0x00000000f8200000,0x00000000f8200000)
  from space 64512K, 99% used [0x00000000f8200000,0x00000000fc0f97e8,0x00000000fc100000)
  to   space 64512K, 0% used [0x00000000fc100000,0x00000000fc100000,0x0000000100000000)
 ParOldGen       total 163840K, used 111327K [0x00000000c0000000, 0x00000000ca000000, 0x00000000eaa80000)
  object space 163840K, 67% used [0x00000000c0000000,0x00000000c6cb7fa0,0x00000000ca000000)
 PSPermGen       total 21504K, used 6371K [0x00000000b5a00000, 0x00000000b6f00000, 0x00000000c0000000)
  object space 21504K, 29% used [0x00000000b5a00000,0x00000000b6038c78,0x00000000b6f00000)
Event: 13.124 GC heap after
Heap after GC invocations=11 (full 1):
 PSYoungGen      total 236032K, used 59418K [0x00000000eaa80000, 0x0000000100000000, 0x0000000100000000)
  eden space 171520K, 0% used [0x00000000eaa80000,0x00000000eaa80000,0x00000000f5200000)
  from space 64512K, 92% used [0x00000000fc100000,0x00000000ffb06940,0x0000000100000000)
  to   space 89088K, 0% used [0x00000000f5200000,0x00000000f5200000,0x00000000fa900000)
 ParOldGen       total 163840K, used 152638K [0x00000000c0000000, 0x00000000ca000000, 0x00000000eaa80000)
  object space 163840K, 93% used [0x00000000c0000000,0x00000000c950f8c8,0x00000000ca000000)
 PSPermGen       total 21504K, used 6371K [0x00000000b5a00000, 0x00000000b6f00000, 0x00000000c0000000)
  object space 21504K, 29% used [0x00000000b5a00000,0x00000000b6038c78,0x00000000b6f00000)
}
Event: 13.125 GC heap before
{Heap before GC invocations=12 (full 2):
 PSYoungGen      total 236032K, used 59418K [0x00000000eaa80000, 0x0000000100000000, 0x0000000100000000)
  eden space 171520K, 0% used [0x00000000eaa80000,0x00000000eaa80000,0x00000000f5200000)
  from space 64512K, 92% used [0x00000000fc100000,0x00000000ffb06940,0x0000000100000000)
  to   space 89088K, 0% used [0x00000000f5200000,0x00000000f5200000,0x00000000fa900000)
 ParOldGen       total 163840K, used 152638K [0x00000000c0000000, 0x00000000ca000000, 0x00000000eaa80000)
  object space 163840K, 93% used [0x00000000c0000000,0x00000000c950f8c8,0x00000000ca000000)
 PSPermGen       total 21504K, used 6371K [0x00000000b5a00000, 0x00000000b6f00000, 0x00000000c0000000)
  object space 21504K, 29% used [0x00000000b5a00000,0x00000000b6038c78,0x00000000b6f00000)

