# JRE version: OpenJDK Runtime Environment (8.0_76-b03) (build 1.8.0_76-release-b03)
# Java VM: OpenJDK 64-Bit Server VM (25.76-b03 mixed mode linux-amd64 compressed oops)
Heap:
 PSYoungGen      total 232960K, used 0K [0x00000000eab00000, 0x0000000100000000, 0x0000000100000000)
  eden space 116736K, 0% used [0x00000000eab00000,0x00000000eab00000,0x00000000f1d00000)
  from space 116224K, 0% used [0x00000000f1d00000,0x00000000f1d00000,0x00000000f8e80000)
  to   space 116224K, 0% used [0x00000000f8e80000,0x00000000f8e80000,0x0000000100000000)
 ParOldGen       total 434688K, used 410006K [0x00000000c0000000, 0x00000000da880000, 0x00000000eab00000)
  object space 434688K, 94% used [0x00000000c0000000,0x00000000d90658d8,0x00000000da880000)
 Metaspace       used 6417K, capacity 7280K, committed 7552K, reserved 1056768K
  class space    used 587K, capacity 616K, committed 640K, reserved 1048576K
GC Heap History (10 events):
Event: 12.877 GC heap after
Heap after GC invocations=20 (full 3):
 PSYoungGen      total 232960K, used 41568K [0x00000000eab00000, 0x0000000100000000, 0x0000000100000000)
  eden space 116736K, 0% used [0x00000000eab00000,0x00000000eab00000,0x00000000f1d00000)
  from space 116224K, 35% used [0x00000000f1d00000,0x00000000f45980c0,0x00000000f8e80000)
  to   space 116224K, 0% used [0x00000000f8e80000,0x00000000f8e80000,0x0000000100000000)
 ParOldGen       total 434688K, used 300426K [0x00000000c0000000, 0x00000000da880000, 0x00000000eab00000)
  object space 434688K, 69% used [0x00000000c0000000,0x00000000d25629f8,0x00000000da880000)
 Metaspace       used 6416K, capacity 7280K, committed 7552K, reserved 1056768K
  class space    used 587K, capacity 616K, committed 640K, reserved 1048576K
}
Event: 13.311 GC heap before
{Heap before GC invocations=21 (full 3):
 PSYoungGen      total 232960K, used 158304K [0x00000000eab00000, 0x0000000100000000, 0x0000000100000000)
  eden space 116736K, 100% used [0x00000000eab00000,0x00000000f1d00000,0x00000000f1d00000)
  from space 116224K, 35% used [0x00000000f1d00000,0x00000000f45980c0,0x00000000f8e80000)
  to   space 116224K, 0% used [0x00000000f8e80000,0x00000000f8e80000,0x0000000100000000)
 ParOldGen       total 434688K, used 300426K [0x00000000c0000000, 0x00000000da880000, 0x00000000eab00000)
  object space 434688K, 69% used [0x00000000c0000000,0x00000000d25629f8,0x00000000da880000)
 Metaspace       used 6416K, capacity 7280K, committed 7552K, reserved 1056768K
  class space    used 587K, capacity 616K, committed 640K, reserved 1048576K
Event: 13.478 GC heap after
Heap after GC invocations=21 (full 3):
 PSYoungGen      total 232960K, used 35424K [0x00000000eab00000, 0x0000000100000000, 0x0000000100000000)
  eden space 116736K, 0% used [0x00000000eab00000,0x00000000eab00000,0x00000000f1d00000)
  from space 116224K, 30% used [0x00000000f8e80000,0x00000000fb118050,0x0000000100000000)
  to   space 116224K, 0% used [0x00000000f1d00000,0x00000000f1d00000,0x00000000f8e80000)
 ParOldGen       total 434688K, used 324222K [0x00000000c0000000, 0x00000000da880000, 0x00000000eab00000)
  object space 434688K, 74% used [0x00000000c0000000,0x00000000d3c9fa68,0x00000000da880000)
 Metaspace       used 6416K, capacity 7280K, committed 7552K, reserved 1056768K
  class space    used 587K, capacity 616K, committed 640K, reserved 1048576K
}
Event: 13.877 GC heap before
{Heap before GC invocations=22 (full 3):
 PSYoungGen      total 232960K, used 152160K [0x00000000eab00000, 0x0000000100000000, 0x0000000100000000)
  eden space 116736K, 100% used [0x00000000eab00000,0x00000000f1d00000,0x00000000f1d00000)
  from space 116224K, 30% used [0x00000000f8e80000,0x00000000fb118050,0x0000000100000000)
  to   space 116224K, 0% used [0x00000000f1d00000,0x00000000f1d00000,0x00000000f8e80000)
 ParOldGen       total 434688K, used 324222K [0x00000000c0000000, 0x00000000da880000, 0x00000000eab00000)
  object space 434688K, 74% used [0x00000000c0000000,0x00000000d3c9fa68,0x00000000da880000)
 Metaspace       used 6417K, capacity 7280K, committed 7552K, reserved 1056768K
  class space    used 587K, capacity 616K, committed 640K, reserved 1048576K
Event: 14.033 GC heap after
Heap after GC invocations=22 (full 3):
 PSYoungGen      total 232960K, used 18351K [0x00000000eab00000, 0x0000000100000000, 0x0000000100000000)
  eden space 116736K, 0% used [0x00000000eab00000,0x00000000eab00000,0x00000000f1d00000)
  from space 116224K, 15% used [0x00000000f1d00000,0x00000000f2eebf00,0x00000000f8e80000)
  to   space 116224K, 0% used [0x00000000f8e80000,0x00000000f8e80000,0x0000000100000000)
 ParOldGen       total 434688K, used 358623K [0x00000000c0000000, 0x00000000da880000, 0x00000000eab00000)
  object space 434688K, 82% used [0x00000000c0000000,0x00000000d5e37f48,0x00000000da880000)
 Metaspace       used 6417K, capacity 7280K, committed 7552K, reserved 1056768K
  class space    used 587K, capacity 616K, committed 640K, reserved 1048576K
}
Event: 14.354 GC heap before
{Heap before GC invocations=23 (full 3):
 PSYoungGen      total 232960K, used 135087K [0x00000000eab00000, 0x0000000100000000, 0x0000000100000000)
  eden space 116736K, 100% used [0x00000000eab00000,0x00000000f1d00000,0x00000000f1d00000)
  from space 116224K, 15% used [0x00000000f1d00000,0x00000000f2eebf00,0x00000000f8e80000)
  to   space 116224K, 0% used [0x00000000f8e80000,0x00000000f8e80000,0x0000000100000000)
 ParOldGen       total 434688K, used 358623K [0x00000000c0000000, 0x00000000da880000, 0x00000000eab00000)
  object space 434688K, 82% used [0x00000000c0000000,0x00000000d5e37f48,0x00000000da880000)
 Metaspace       used 6417K, capacity 7280K, committed 7552K, reserved 1056768K
  class space    used 587K, capacity 616K, committed 640K, reserved 1048576K
Event: 14.476 GC heap after
Heap after GC invocations=23 (full 3):
 PSYoungGen      total 232960K, used 17408K [0x00000000eab00000, 0x0000000100000000, 0x0000000100000000)
  eden space 116736K, 0% used [0x00000000eab00000,0x00000000eab00000,0x00000000f1d00000)
  from space 116224K, 14% used [0x00000000f8e80000,0x00000000f9f80000,0x0000000100000000)
  to   space 116224K, 0% used [0x00000000f1d00000,0x00000000f1d00000,0x00000000f8e80000)
 ParOldGen       total 434688K, used 375672K [0x00000000c0000000, 0x00000000da880000, 0x00000000eab00000)
  object space 434688K, 86% used [0x00000000c0000000,0x00000000d6ede170,0x00000000da880000)
 Metaspace       used 6417K, capacity 7280K, committed 7552K, reserved 1056768K
  class space    used 587K, capacity 616K, committed 640K, reserved 1048576K
}
Event: 14.811 GC heap before
{Heap before GC invocations=24 (full 3):
 PSYoungGen      total 232960K, used 134144K [0x00000000eab00000, 0x0000000100000000, 0x0000000100000000)
  eden space 116736K, 100% used [0x00000000eab00000,0x00000000f1d00000,0x00000000f1d00000)
  from space 116224K, 14% used [0x00000000f8e80000,0x00000000f9f80000,0x0000000100000000)
  to   space 116224K, 0% used [0x00000000f1d00000,0x00000000f1d00000,0x00000000f8e80000)
 ParOldGen       total 434688K, used 375672K [0x00000000c0000000, 0x00000000da880000, 0x00000000eab00000)
  object space 434688K, 86% used [0x00000000c0000000,0x00000000d6ede170,0x00000000da880000)
 Metaspace       used 6417K, capacity 7280K, committed 7552K, reserved 1056768K
  class space    used 587K, capacity 616K, committed 640K, reserved 1048576K
Event: 14.905 GC heap after
Heap after GC invocations=24 (full 3):
 PSYoungGen      total 232960K, used 19258K [0x00000000eab00000, 0x0000000100000000, 0x0000000100000000)
  eden space 116736K, 0% used [0x00000000eab00000,0x00000000eab00000,0x00000000f1d00000)
  from space 116224K, 16% used [0x00000000f1d00000,0x00000000f2fceaa8,0x00000000f8e80000)
  to   space 116224K, 0% used [0x00000000f8e80000,0x00000000f8e80000,0x0000000100000000)
 ParOldGen       total 434688K, used 392061K [0x00000000c0000000, 0x00000000da880000, 0x00000000eab00000)
  object space 434688K, 90% used [0x00000000c0000000,0x00000000d7edf778,0x00000000da880000)
 Metaspace       used 6417K, capacity 7280K, committed 7552K, reserved 1056768K
  class space    used 587K, capacity 616K, committed 640K, reserved 1048576K
}
Event: 14.905 GC heap before
{Heap before GC invocations=25 (full 4):
 PSYoungGen      total 232960K, used 19258K [0x00000000eab00000, 0x0000000100000000, 0x0000000100000000)
  eden space 116736K, 0% used [0x00000000eab00000,0x00000000eab00000,0x00000000f1d00000)
  from space 116224K, 16% used [0x00000000f1d00000,0x00000000f2fceaa8,0x00000000f8e80000)
  to   space 116224K, 0% used [0x00000000f8e80000,0x00000000f8e80000,0x0000000100000000)
 ParOldGen       total 434688K, used 392061K [0x00000000c0000000, 0x00000000da880000, 0x00000000eab00000)
  object space 434688K, 90% used [0x00000000c0000000,0x00000000d7edf778,0x00000000da880000)
 Metaspace       used 6417K, capacity 7280K, committed 7552K, reserved 1056768K
  class space    used 587K, capacity 616K, committed 640K, reserved 1048576K

