# JRE version: OpenJDK Runtime Environment (8.0_76-b03) (build 1.8.0_76-release-b03)
# Java VM: OpenJDK 64-Bit Server VM (25.76-b03 mixed mode linux-amd64 compressed oops)
Heap:
 PSYoungGen      total 227328K, used 55946K [0x00000000eab00000, 0x0000000100000000, 0x0000000100000000)
  eden space 116736K, 0% used [0x00000000eab00000,0x00000000eab00000,0x00000000f1d00000)
  from space 110592K, 50% used [0x00000000f9400000,0x00000000fcaa2960,0x0000000100000000)
  to   space 116224K, 0% used [0x00000000f1d00000,0x00000000f1d00000,0x00000000f8e80000)
 ParOldGen       total 269824K, used 269801K [0x00000000c0000000, 0x00000000d0780000, 0x00000000eab00000)
  object space 269824K, 99% used [0x00000000c0000000,0x00000000d077a688,0x00000000d0780000)
 Metaspace       used 6418K, capacity 7280K, committed 7552K, reserved 1056768K
  class space    used 587K, capacity 616K, committed 640K, reserved 1048576K
GC Heap History (10 events):
Event: 10.183 GC heap after
Heap after GC invocations=14 (full 2):
 PSYoungGen      total 247808K, used 47360K [0x00000000eab00000, 0x00000000ff980000, 0x0000000100000000)
  eden space 163328K, 0% used [0x00000000eab00000,0x00000000eab00000,0x00000000f4a80000)
  from space 84480K, 56% used [0x00000000fa700000,0x00000000fd540030,0x00000000ff980000)
  to   space 89600K, 0% used [0x00000000f4a80000,0x00000000f4a80000,0x00000000fa200000)
 ParOldGen       total 269824K, used 197596K [0x00000000c0000000, 0x00000000d0780000, 0x00000000eab00000)
  object space 269824K, 73% used [0x00000000c0000000,0x00000000cc0f71c8,0x00000000d0780000)
 Metaspace       used 6411K, capacity 7280K, committed 7552K, reserved 1056768K
  class space    used 587K, capacity 616K, committed 640K, reserved 1048576K
}
Event: 10.652 GC heap before
{Heap before GC invocations=15 (full 2):
 PSYoungGen      total 247808K, used 210688K [0x00000000eab00000, 0x00000000ff980000, 0x0000000100000000)
  eden space 163328K, 100% used [0x00000000eab00000,0x00000000f4a80000,0x00000000f4a80000)
  from space 84480K, 56% used [0x00000000fa700000,0x00000000fd540030,0x00000000ff980000)
  to   space 89600K, 0% used [0x00000000f4a80000,0x00000000f4a80000,0x00000000fa200000)
 ParOldGen       total 269824K, used 197596K [0x00000000c0000000, 0x00000000d0780000, 0x00000000eab00000)
  object space 269824K, 73% used [0x00000000c0000000,0x00000000cc0f71c8,0x00000000d0780000)
 Metaspace       used 6412K, capacity 7280K, committed 7552K, reserved 1056768K
  class space    used 587K, capacity 616K, committed 640K, reserved 1048576K
Event: 10.721 GC heap after
Heap after GC invocations=15 (full 2):
 PSYoungGen      total 233984K, used 70354K [0x00000000eab00000, 0x0000000100000000, 0x0000000100000000)
  eden space 163328K, 0% used [0x00000000eab00000,0x00000000eab00000,0x00000000f4a80000)
  from space 70656K, 99% used [0x00000000f4a80000,0x00000000f8f34b70,0x00000000f8f80000)
  to   space 96768K, 0% used [0x00000000fa180000,0x00000000fa180000,0x0000000100000000)
 ParOldGen       total 269824K, used 197596K [0x00000000c0000000, 0x00000000d0780000, 0x00000000eab00000)
  object space 269824K, 73% used [0x00000000c0000000,0x00000000cc0f71c8,0x00000000d0780000)
 Metaspace       used 6412K, capacity 7280K, committed 7552K, reserved 1056768K
  class space    used 587K, capacity 616K, committed 640K, reserved 1048576K
}
Event: 11.181 GC heap before
{Heap before GC invocations=16 (full 2):
 PSYoungGen      total 233984K, used 233682K [0x00000000eab00000, 0x0000000100000000, 0x0000000100000000)
  eden space 163328K, 100% used [0x00000000eab00000,0x00000000f4a80000,0x00000000f4a80000)
  from space 70656K, 99% used [0x00000000f4a80000,0x00000000f8f34b70,0x00000000f8f80000)
  to   space 96768K, 0% used [0x00000000fa180000,0x00000000fa180000,0x0000000100000000)
 ParOldGen       total 269824K, used 197596K [0x00000000c0000000, 0x00000000d0780000, 0x00000000eab00000)
  object space 269824K, 73% used [0x00000000c0000000,0x00000000cc0f71c8,0x00000000d0780000)
 Metaspace       used 6415K, capacity 7280K, committed 7552K, reserved 1056768K
  class space    used 587K, capacity 616K, committed 640K, reserved 1048576K
Event: 11.362 GC heap after
Heap after GC invocations=16 (full 2):
 PSYoungGen      total 224768K, used 93386K [0x00000000eab00000, 0x0000000100000000, 0x0000000100000000)
  eden space 128000K, 0% used [0x00000000eab00000,0x00000000eab00000,0x00000000f2800000)
  from space 96768K, 96% used [0x00000000fa180000,0x00000000ffcb2b58,0x0000000100000000)
  to   space 110592K, 0% used [0x00000000f2800000,0x00000000f2800000,0x00000000f9400000)
 ParOldGen       total 269824K, used 197596K [0x00000000c0000000, 0x00000000d0780000, 0x00000000eab00000)
  object space 269824K, 73% used [0x00000000c0000000,0x00000000cc0f71c8,0x00000000d0780000)
 Metaspace       used 6415K, capacity 7280K, committed 7552K, reserved 1056768K
  class space    used 587K, capacity 616K, committed 640K, reserved 1048576K
}
Event: 11.735 GC heap before
{Heap before GC invocations=17 (full 2):
 PSYoungGen      total 224768K, used 221386K [0x00000000eab00000, 0x0000000100000000, 0x0000000100000000)
  eden space 128000K, 100% used [0x00000000eab00000,0x00000000f2800000,0x00000000f2800000)
  from space 96768K, 96% used [0x00000000fa180000,0x00000000ffcb2b58,0x0000000100000000)
  to   space 110592K, 0% used [0x00000000f2800000,0x00000000f2800000,0x00000000f9400000)
 ParOldGen       total 269824K, used 197596K [0x00000000c0000000, 0x00000000d0780000, 0x00000000eab00000)
  object space 269824K, 73% used [0x00000000c0000000,0x00000000cc0f71c8,0x00000000d0780000)
 Metaspace       used 6415K, capacity 7280K, committed 7552K, reserved 1056768K
  class space    used 587K, capacity 616K, committed 640K, reserved 1048576K
Event: 11.896 GC heap after
Heap after GC invocations=17 (full 2):
 PSYoungGen      total 238592K, used 110579K [0x00000000eab00000, 0x0000000100000000, 0x0000000100000000)
  eden space 128000K, 0% used [0x00000000eab00000,0x00000000eab00000,0x00000000f2800000)
  from space 110592K, 99% used [0x00000000f2800000,0x00000000f93fce30,0x00000000f9400000)
  to   space 110592K, 0% used [0x00000000f9400000,0x00000000f9400000,0x0000000100000000)
 ParOldGen       total 269824K, used 199024K [0x00000000c0000000, 0x00000000d0780000, 0x00000000eab00000)
  object space 269824K, 73% used [0x00000000c0000000,0x00000000cc25c2b8,0x00000000d0780000)
 Metaspace       used 6415K, capacity 7280K, committed 7552K, reserved 1056768K
  class space    used 587K, capacity 616K, committed 640K, reserved 1048576K
}
Event: 12.338 GC heap before
{Heap before GC invocations=18 (full 2):
 PSYoungGen      total 238592K, used 238579K [0x00000000eab00000, 0x0000000100000000, 0x0000000100000000)
  eden space 128000K, 100% used [0x00000000eab00000,0x00000000f2800000,0x00000000f2800000)
  from space 110592K, 99% used [0x00000000f2800000,0x00000000f93fce30,0x00000000f9400000)
  to   space 110592K, 0% used [0x00000000f9400000,0x00000000f9400000,0x0000000100000000)
 ParOldGen       total 269824K, used 199024K [0x00000000c0000000, 0x00000000d0780000, 0x00000000eab00000)
  object space 269824K, 73% used [0x00000000c0000000,0x00000000cc25c2b8,0x00000000d0780000)
 Metaspace       used 6418K, capacity 7280K, committed 7552K, reserved 1056768K
  class space    used 587K, capacity 616K, committed 640K, reserved 1048576K
Event: 12.657 GC heap after
Heap after GC invocations=18 (full 2):
 PSYoungGen      total 227328K, used 85960K [0x00000000eab00000, 0x0000000100000000, 0x0000000100000000)
  eden space 116736K, 0% used [0x00000000eab00000,0x00000000eab00000,0x00000000f1d00000)
  from space 110592K, 77% used [0x00000000f9400000,0x00000000fe7f21e0,0x0000000100000000)
  to   space 116224K, 0% used [0x00000000f1d00000,0x00000000f1d00000,0x00000000f8e80000)
 ParOldGen       total 269824K, used 244414K [0x00000000c0000000, 0x00000000d0780000, 0x00000000eab00000)
  object space 269824K, 90% used [0x00000000c0000000,0x00000000ceeafb20,0x00000000d0780000)
 Metaspace       used 6418K, capacity 7280K, committed 7552K, reserved 1056768K
  class space    used 587K, capacity 616K, committed 640K, reserved 1048576K
}
Event: 12.657 GC heap before
{Heap before GC invocations=19 (full 3):
 PSYoungGen      total 227328K, used 85960K [0x00000000eab00000, 0x0000000100000000, 0x0000000100000000)
  eden space 116736K, 0% used [0x00000000eab00000,0x00000000eab00000,0x00000000f1d00000)
  from space 110592K, 77% used [0x00000000f9400000,0x00000000fe7f21e0,0x0000000100000000)
  to   space 116224K, 0% used [0x00000000f1d00000,0x00000000f1d00000,0x00000000f8e80000)
 ParOldGen       total 269824K, used 244414K [0x00000000c0000000, 0x00000000d0780000, 0x00000000eab00000)
  object space 269824K, 90% used [0x00000000c0000000,0x00000000ceeafb20,0x00000000d0780000)
 Metaspace       used 6418K, capacity 7280K, committed 7552K, reserved 1056768K
  class space    used 587K, capacity 616K, committed 640K, reserved 1048576K

