# JRE version: OpenJDK Runtime Environment (8.0_76-b03) (build 1.8.0_76-release-b03)
# Java VM: OpenJDK 64-Bit Server VM (25.76-b03 mixed mode linux-amd64 compressed oops)
Heap:
 PSYoungGen      total 232448K, used 0K [0x00000000eab00000, 0x00000000ffa00000, 0x0000000100000000)
  eden space 126976K, 0% used [0x00000000eab00000,0x00000000eab00000,0x00000000f2700000)
  from space 105472K, 0% used [0x00000000f8d00000,0x00000000f8d00000,0x00000000ff400000)
  to   space 104448K, 0% used [0x00000000f2700000,0x00000000f2700000,0x00000000f8d00000)
 ParOldGen       total 418304K, used 391227K [0x00000000c0000000, 0x00000000d9880000, 0x00000000eab00000)
  object space 418304K, 93% used [0x00000000c0000000,0x00000000d7e0efd0,0x00000000d9880000)
 Metaspace       used 6426K, capacity 7280K, committed 7552K, reserved 1056768K
  class space    used 588K, capacity 616K, committed 640K, reserved 1048576K
GC Heap History (10 events):
Event: 13.092 GC heap after
Heap after GC invocations=19 (full 3):
 PSYoungGen      total 232960K, used 48729K [0x00000000eab00000, 0x0000000100000000, 0x0000000100000000)
  eden space 116736K, 0% used [0x00000000eab00000,0x00000000eab00000,0x00000000f1d00000)
  from space 116224K, 41% used [0x00000000f8e80000,0x00000000fbe16508,0x0000000100000000)
  to   space 116224K, 0% used [0x00000000f1d00000,0x00000000f1d00000,0x00000000f8e80000)
 ParOldGen       total 418304K, used 274651K [0x00000000c0000000, 0x00000000d9880000, 0x00000000eab00000)
  object space 418304K, 65% used [0x00000000c0000000,0x00000000d0c36d60,0x00000000d9880000)
 Metaspace       used 6424K, capacity 7280K, committed 7552K, reserved 1056768K
  class space    used 588K, capacity 616K, committed 640K, reserved 1048576K
}
Event: 13.427 GC heap before
{Heap before GC invocations=20 (full 3):
 PSYoungGen      total 232960K, used 165465K [0x00000000eab00000, 0x0000000100000000, 0x0000000100000000)
  eden space 116736K, 100% used [0x00000000eab00000,0x00000000f1d00000,0x00000000f1d00000)
  from space 116224K, 41% used [0x00000000f8e80000,0x00000000fbe16508,0x0000000100000000)
  to   space 116224K, 0% used [0x00000000f1d00000,0x00000000f1d00000,0x00000000f8e80000)
 ParOldGen       total 418304K, used 274651K [0x00000000c0000000, 0x00000000d9880000, 0x00000000eab00000)
  object space 418304K, 65% used [0x00000000c0000000,0x00000000d0c36d60,0x00000000d9880000)
 Metaspace       used 6424K, capacity 7280K, committed 7552K, reserved 1056768K
  class space    used 588K, capacity 616K, committed 640K, reserved 1048576K
Event: 13.617 GC heap after
Heap after GC invocations=20 (full 3):
 PSYoungGen      total 148480K, used 31328K [0x00000000eab00000, 0x00000000ffb00000, 0x0000000100000000)
  eden space 116736K, 0% used [0x00000000eab00000,0x00000000eab00000,0x00000000f1d00000)
  from space 31744K, 98% used [0x00000000f1d00000,0x00000000f3b980b0,0x00000000f3c00000)
  to   space 113664K, 0% used [0x00000000f8c00000,0x00000000f8c00000,0x00000000ffb00000)
 ParOldGen       total 418304K, used 309821K [0x00000000c0000000, 0x00000000d9880000, 0x00000000eab00000)
  object space 418304K, 74% used [0x00000000c0000000,0x00000000d2e8f618,0x00000000d9880000)
 Metaspace       used 6424K, capacity 7280K, committed 7552K, reserved 1056768K
  class space    used 588K, capacity 616K, committed 640K, reserved 1048576K
}
Event: 13.973 GC heap before
{Heap before GC invocations=21 (full 3):
 PSYoungGen      total 148480K, used 148064K [0x00000000eab00000, 0x00000000ffb00000, 0x0000000100000000)
  eden space 116736K, 100% used [0x00000000eab00000,0x00000000f1d00000,0x00000000f1d00000)
  from space 31744K, 98% used [0x00000000f1d00000,0x00000000f3b980b0,0x00000000f3c00000)
  to   space 113664K, 0% used [0x00000000f8c00000,0x00000000f8c00000,0x00000000ffb00000)
 ParOldGen       total 418304K, used 309821K [0x00000000c0000000, 0x00000000d9880000, 0x00000000eab00000)
  object space 418304K, 74% used [0x00000000c0000000,0x00000000d2e8f618,0x00000000d9880000)
 Metaspace       used 6424K, capacity 7280K, committed 7552K, reserved 1056768K
  class space    used 588K, capacity 616K, committed 640K, reserved 1048576K
Event: 14.061 GC heap after
Heap after GC invocations=21 (full 3):
 PSYoungGen      total 234496K, used 34720K [0x00000000eab00000, 0x0000000100000000, 0x0000000100000000)
  eden space 120832K, 0% used [0x00000000eab00000,0x00000000eab00000,0x00000000f2100000)
  from space 113664K, 30% used [0x00000000f8c00000,0x00000000fade8050,0x00000000ffb00000)
  to   space 109568K, 0% used [0x00000000f2100000,0x00000000f2100000,0x00000000f8c00000)
 ParOldGen       total 418304K, used 323203K [0x00000000c0000000, 0x00000000d9880000, 0x00000000eab00000)
  object space 418304K, 77% used [0x00000000c0000000,0x00000000d3ba0c48,0x00000000d9880000)
 Metaspace       used 6424K, capacity 7280K, committed 7552K, reserved 1056768K
  class space    used 588K, capacity 616K, committed 640K, reserved 1048576K
}
Event: 14.476 GC heap before
{Heap before GC invocations=22 (full 3):
 PSYoungGen      total 234496K, used 155552K [0x00000000eab00000, 0x0000000100000000, 0x0000000100000000)
  eden space 120832K, 100% used [0x00000000eab00000,0x00000000f2100000,0x00000000f2100000)
  from space 113664K, 30% used [0x00000000f8c00000,0x00000000fade8050,0x00000000ffb00000)
  to   space 109568K, 0% used [0x00000000f2100000,0x00000000f2100000,0x00000000f8c00000)
 ParOldGen       total 418304K, used 323203K [0x00000000c0000000, 0x00000000d9880000, 0x00000000eab00000)
  object space 418304K, 77% used [0x00000000c0000000,0x00000000d3ba0c48,0x00000000d9880000)
 Metaspace       used 6425K, capacity 7280K, committed 7552K, reserved 1056768K
  class space    used 588K, capacity 616K, committed 640K, reserved 1048576K
Event: 14.618 GC heap after
Heap after GC invocations=22 (full 3):
 PSYoungGen      total 230400K, used 35599K [0x00000000eab00000, 0x00000000ff400000, 0x0000000100000000)
  eden space 120832K, 0% used [0x00000000eab00000,0x00000000eab00000,0x00000000f2100000)
  from space 109568K, 32% used [0x00000000f2100000,0x00000000f43c3f00,0x00000000f8c00000)
  to   space 105472K, 0% used [0x00000000f8d00000,0x00000000f8d00000,0x00000000ff400000)
 ParOldGen       total 418304K, used 340058K [0x00000000c0000000, 0x00000000d9880000, 0x00000000eab00000)
  object space 418304K, 81% used [0x00000000c0000000,0x00000000d4c16bd0,0x00000000d9880000)
 Metaspace       used 6425K, capacity 7280K, committed 7552K, reserved 1056768K
  class space    used 588K, capacity 616K, committed 640K, reserved 1048576K
}
Event: 14.986 GC heap before
{Heap before GC invocations=23 (full 3):
 PSYoungGen      total 230400K, used 156431K [0x00000000eab00000, 0x00000000ff400000, 0x0000000100000000)
  eden space 120832K, 100% used [0x00000000eab00000,0x00000000f2100000,0x00000000f2100000)
  from space 109568K, 32% used [0x00000000f2100000,0x00000000f43c3f00,0x00000000f8c00000)
  to   space 105472K, 0% used [0x00000000f8d00000,0x00000000f8d00000,0x00000000ff400000)
 ParOldGen       total 418304K, used 340058K [0x00000000c0000000, 0x00000000d9880000, 0x00000000eab00000)
  object space 418304K, 81% used [0x00000000c0000000,0x00000000d4c16bd0,0x00000000d9880000)
 Metaspace       used 6426K, capacity 7280K, committed 7552K, reserved 1056768K
  class space    used 588K, capacity 616K, committed 640K, reserved 1048576K
Event: 15.136 GC heap after
Heap after GC invocations=23 (full 3):
 PSYoungGen      total 232448K, used 18017K [0x00000000eab00000, 0x00000000ffa00000, 0x0000000100000000)
  eden space 126976K, 0% used [0x00000000eab00000,0x00000000eab00000,0x00000000f2700000)
  from space 105472K, 17% used [0x00000000f8d00000,0x00000000f9e98470,0x00000000ff400000)
  to   space 104448K, 0% used [0x00000000f2700000,0x00000000f2700000,0x00000000f8d00000)
 ParOldGen       total 418304K, used 374501K [0x00000000c0000000, 0x00000000d9880000, 0x00000000eab00000)
  object space 418304K, 89% used [0x00000000c0000000,0x00000000d6db9420,0x00000000d9880000)
 Metaspace       used 6426K, capacity 7280K, committed 7552K, reserved 1056768K
  class space    used 588K, capacity 616K, committed 640K, reserved 1048576K
}
Event: 15.136 GC heap before
{Heap before GC invocations=24 (full 4):
 PSYoungGen      total 232448K, used 18017K [0x00000000eab00000, 0x00000000ffa00000, 0x0000000100000000)
  eden space 126976K, 0% used [0x00000000eab00000,0x00000000eab00000,0x00000000f2700000)
  from space 105472K, 17% used [0x00000000f8d00000,0x00000000f9e98470,0x00000000ff400000)
  to   space 104448K, 0% used [0x00000000f2700000,0x00000000f2700000,0x00000000f8d00000)
 ParOldGen       total 418304K, used 374501K [0x00000000c0000000, 0x00000000d9880000, 0x00000000eab00000)
  object space 418304K, 89% used [0x00000000c0000000,0x00000000d6db9420,0x00000000d9880000)
 Metaspace       used 6426K, capacity 7280K, committed 7552K, reserved 1056768K
  class space    used 588K, capacity 616K, committed 640K, reserved 1048576K

